e:\____workspace____\fault-tolerant\meshprint\x64\debug\vc140.pdb
e:\____workspace____\fault-tolerant\meshprint\x64\debug\renderingwidget.obj
e:\____workspace____\fault-tolerant\meshprint\x64\debug\msoctree.obj
e:\____workspace____\fault-tolerant\meshprint\x64\debug\msaabb.obj
e:\____workspace____\fault-tolerant\meshprint\x64\debug\meshprint.obj
e:\____workspace____\fault-tolerant\meshprint\x64\debug\maintenance.obj
e:\____workspace____\fault-tolerant\meshprint\x64\debug\main.obj
e:\____workspace____\fault-tolerant\meshprint\x64\debug\mesh3d.obj
e:\____workspace____\fault-tolerant\meshprint\x64\debug\globalfunctions.obj
e:\____workspace____\fault-tolerant\meshprint\x64\debug\moc_renderingwidget.obj
e:\____workspace____\fault-tolerant\meshprint\x64\debug\moc_meshprint.obj
e:\____workspace____\fault-tolerant\meshprint\x64\debug\moc_maintenance.obj
e:\____workspace____\fault-tolerant\meshprint\x64\debug\arcball.obj
e:\____workspace____\fault-tolerant\meshprint\x64\debug\qrc_meshprint.obj
e:\____workspace____\fault-tolerant\meshprint\generatedfiles\debug\moc_meshprint.cpp
e:\____workspace____\fault-tolerant\meshprint\generatedfiles\ui_meshprint.h
e:\____workspace____\fault-tolerant\meshprint\generatedfiles\debug\moc_maintenance.cpp
e:\____workspace____\fault-tolerant\meshprint\generatedfiles\debug\moc_renderingwidget.cpp
e:\____workspace____\fault-tolerant\meshprint\generatedfiles\qrc_meshprint.cpp
e:\____workspace____\fault-tolerant\meshprint\generatedfiles\ui_maintenance.h
e:\____workspace____\fault-tolerant\x64\debug\meshprint.ilk
e:\____workspace____\fault-tolerant\x64\debug\meshprint.exe
e:\____workspace____\fault-tolerant\x64\debug\meshprint.pdb
e:\____workspace____\fault-tolerant\meshprint\x64\debug\meshprint.res
e:\____workspace____\fault-tolerant\meshprint\x64\debug\meshprint.tlog\cl.command.1.tlog
e:\____workspace____\fault-tolerant\meshprint\x64\debug\meshprint.tlog\cl.read.1.tlog
e:\____workspace____\fault-tolerant\meshprint\x64\debug\meshprint.tlog\cl.write.1.tlog
e:\____workspace____\fault-tolerant\meshprint\x64\debug\meshprint.tlog\custombuild.command.1.tlog
e:\____workspace____\fault-tolerant\meshprint\x64\debug\meshprint.tlog\custombuild.read.1.tlog
e:\____workspace____\fault-tolerant\meshprint\x64\debug\meshprint.tlog\custombuild.write.1.tlog
e:\____workspace____\fault-tolerant\meshprint\x64\debug\meshprint.tlog\link.command.1.tlog
e:\____workspace____\fault-tolerant\meshprint\x64\debug\meshprint.tlog\link.read.1.tlog
e:\____workspace____\fault-tolerant\meshprint\x64\debug\meshprint.tlog\link.write.1.tlog
e:\____workspace____\fault-tolerant\meshprint\x64\debug\meshprint.tlog\rc.command.1.tlog
e:\____workspace____\fault-tolerant\meshprint\x64\debug\meshprint.tlog\rc.read.1.tlog
e:\____workspace____\fault-tolerant\meshprint\x64\debug\meshprint.tlog\rc.write.1.tlog
