  moc_meshprint.cpp
e:\____workspace____\fault-tolerant\meshprint\Triangle.h(665): error C2065: “overlap_num”: 未声明的标识符
e:\____workspace____\fault-tolerant\meshprint\Triangle.h(740): error C2065: “insStartPoint”: 未声明的标识符
e:\____workspace____\fault-tolerant\meshprint\Triangle.h(741): error C2065: “insEndPoint”: 未声明的标识符
e:\____workspace____\fault-tolerant\meshprint\Triangle.h(742): error C2065: “insRedunPoint”: 未声明的标识符
e:\____workspace____\fault-tolerant\meshprint\Triangle.h(744): error C2065: “INSPOINT_X”: 未声明的标识符
e:\____workspace____\fault-tolerant\meshprint\Triangle.h(745): error C2065: “INSPOINT_Y”: 未声明的标识符
e:\____workspace____\fault-tolerant\meshprint\Triangle.h(746): error C2065: “INSPOINT_Z”: 未声明的标识符
e:\____workspace____\fault-tolerant\meshprint\Triangle.h(760): error C2065: “insStartPoint”: 未声明的标识符
e:\____workspace____\fault-tolerant\meshprint\Triangle.h(761): error C2065: “insEndPoint”: 未声明的标识符
e:\____workspace____\fault-tolerant\meshprint\Triangle.h(762): error C2065: “insRedunPoint”: 未声明的标识符
e:\____workspace____\fault-tolerant\meshprint\Triangle.h(763): error C2065: “INSPOINT_X”: 未声明的标识符
e:\____workspace____\fault-tolerant\meshprint\Triangle.h(764): error C2065: “INSPOINT_Y”: 未声明的标识符
e:\____workspace____\fault-tolerant\meshprint\Triangle.h(765): error C2065: “INSPOINT_Z”: 未声明的标识符
e:\____workspace____\fault-tolerant\meshprint\Triangle.h(781): error C2065: “insStartPoint”: 未声明的标识符
e:\____workspace____\fault-tolerant\meshprint\Triangle.h(782): error C2065: “insEndPoint”: 未声明的标识符
e:\____workspace____\fault-tolerant\meshprint\Triangle.h(783): error C2065: “insRedunPoint”: 未声明的标识符
e:\____workspace____\fault-tolerant\meshprint\Triangle.h(784): error C2065: “INSPOINT_X”: 未声明的标识符
e:\____workspace____\fault-tolerant\meshprint\Triangle.h(785): error C2065: “INSPOINT_Y”: 未声明的标识符
e:\____workspace____\fault-tolerant\meshprint\Triangle.h(786): error C2065: “INSPOINT_Z”: 未声明的标识符
e:\____workspace____\fault-tolerant\meshprint\Triangle.h(801): error C2065: “insStartPoint”: 未声明的标识符
e:\____workspace____\fault-tolerant\meshprint\Triangle.h(802): error C2065: “insEndPoint”: 未声明的标识符
e:\____workspace____\fault-tolerant\meshprint\Triangle.h(803): error C2065: “insRedunPoint”: 未声明的标识符
e:\____workspace____\fault-tolerant\meshprint\Triangle.h(804): error C2065: “INSPOINT_X”: 未声明的标识符
e:\____workspace____\fault-tolerant\meshprint\Triangle.h(805): error C2065: “INSPOINT_Y”: 未声明的标识符
e:\____workspace____\fault-tolerant\meshprint\Triangle.h(806): error C2065: “INSPOINT_Z”: 未声明的标识符
e:\____workspace____\fault-tolerant\meshprint\Triangle.h(820): error C2065: “insStartPoint”: 未声明的标识符
e:\____workspace____\fault-tolerant\meshprint\Triangle.h(821): error C2065: “insEndPoint”: 未声明的标识符
e:\____workspace____\fault-tolerant\meshprint\Triangle.h(822): error C2065: “insRedunPoint”: 未声明的标识符
e:\____workspace____\fault-tolerant\meshprint\Triangle.h(823): error C2065: “INSPOINT_X”: 未声明的标识符
e:\____workspace____\fault-tolerant\meshprint\Triangle.h(824): error C2065: “INSPOINT_Y”: 未声明的标识符
e:\____workspace____\fault-tolerant\meshprint\Triangle.h(825): error C2065: “INSPOINT_Z”: 未声明的标识符
e:\____workspace____\fault-tolerant\meshprint\Triangle.h(838): error C2065: “insStartPoint”: 未声明的标识符
e:\____workspace____\fault-tolerant\meshprint\Triangle.h(839): error C2065: “insEndPoint”: 未声明的标识符
e:\____workspace____\fault-tolerant\meshprint\Triangle.h(840): error C2065: “insRedunPoint”: 未声明的标识符
e:\____workspace____\fault-tolerant\meshprint\Triangle.h(841): error C2065: “INSPOINT_X”: 未声明的标识符
e:\____workspace____\fault-tolerant\meshprint\Triangle.h(842): error C2065: “INSPOINT_Y”: 未声明的标识符
e:\____workspace____\fault-tolerant\meshprint\Triangle.h(843): error C2065: “INSPOINT_Z”: 未声明的标识符
e:\____workspace____\fault-tolerant\meshprint\Triangle.h(857): error C2065: “insStartPoint”: 未声明的标识符
e:\____workspace____\fault-tolerant\meshprint\Triangle.h(858): error C2065: “insEndPoint”: 未声明的标识符
e:\____workspace____\fault-tolerant\meshprint\Triangle.h(859): error C2065: “insRedunPoint”: 未声明的标识符
e:\____workspace____\fault-tolerant\meshprint\Triangle.h(860): error C2065: “INSPOINT_X”: 未声明的标识符
e:\____workspace____\fault-tolerant\meshprint\Triangle.h(861): error C2065: “INSPOINT_Y”: 未声明的标识符
e:\____workspace____\fault-tolerant\meshprint\Triangle.h(862): error C2065: “INSPOINT_Z”: 未声明的标识符
  moc_renderingwidget.cpp
e:\____workspace____\fault-tolerant\meshprint\Triangle.h(665): error C2065: “overlap_num”: 未声明的标识符
e:\____workspace____\fault-tolerant\meshprint\Triangle.h(740): error C2065: “insStartPoint”: 未声明的标识符
e:\____workspace____\fault-tolerant\meshprint\Triangle.h(741): error C2065: “insEndPoint”: 未声明的标识符
e:\____workspace____\fault-tolerant\meshprint\Triangle.h(742): error C2065: “insRedunPoint”: 未声明的标识符
e:\____workspace____\fault-tolerant\meshprint\Triangle.h(744): error C2065: “INSPOINT_X”: 未声明的标识符
e:\____workspace____\fault-tolerant\meshprint\Triangle.h(745): error C2065: “INSPOINT_Y”: 未声明的标识符
e:\____workspace____\fault-tolerant\meshprint\Triangle.h(746): error C2065: “INSPOINT_Z”: 未声明的标识符
e:\____workspace____\fault-tolerant\meshprint\Triangle.h(760): error C2065: “insStartPoint”: 未声明的标识符
e:\____workspace____\fault-tolerant\meshprint\Triangle.h(761): error C2065: “insEndPoint”: 未声明的标识符
e:\____workspace____\fault-tolerant\meshprint\Triangle.h(762): error C2065: “insRedunPoint”: 未声明的标识符
e:\____workspace____\fault-tolerant\meshprint\Triangle.h(763): error C2065: “INSPOINT_X”: 未声明的标识符
e:\____workspace____\fault-tolerant\meshprint\Triangle.h(764): error C2065: “INSPOINT_Y”: 未声明的标识符
e:\____workspace____\fault-tolerant\meshprint\Triangle.h(765): error C2065: “INSPOINT_Z”: 未声明的标识符
e:\____workspace____\fault-tolerant\meshprint\Triangle.h(781): error C2065: “insStartPoint”: 未声明的标识符
e:\____workspace____\fault-tolerant\meshprint\Triangle.h(782): error C2065: “insEndPoint”: 未声明的标识符
e:\____workspace____\fault-tolerant\meshprint\Triangle.h(783): error C2065: “insRedunPoint”: 未声明的标识符
e:\____workspace____\fault-tolerant\meshprint\Triangle.h(784): error C2065: “INSPOINT_X”: 未声明的标识符
e:\____workspace____\fault-tolerant\meshprint\Triangle.h(785): error C2065: “INSPOINT_Y”: 未声明的标识符
e:\____workspace____\fault-tolerant\meshprint\Triangle.h(786): error C2065: “INSPOINT_Z”: 未声明的标识符
e:\____workspace____\fault-tolerant\meshprint\Triangle.h(801): error C2065: “insStartPoint”: 未声明的标识符
e:\____workspace____\fault-tolerant\meshprint\Triangle.h(802): error C2065: “insEndPoint”: 未声明的标识符
e:\____workspace____\fault-tolerant\meshprint\Triangle.h(803): error C2065: “insRedunPoint”: 未声明的标识符
e:\____workspace____\fault-tolerant\meshprint\Triangle.h(804): error C2065: “INSPOINT_X”: 未声明的标识符
e:\____workspace____\fault-tolerant\meshprint\Triangle.h(805): error C2065: “INSPOINT_Y”: 未声明的标识符
e:\____workspace____\fault-tolerant\meshprint\Triangle.h(806): error C2065: “INSPOINT_Z”: 未声明的标识符
e:\____workspace____\fault-tolerant\meshprint\Triangle.h(820): error C2065: “insStartPoint”: 未声明的标识符
e:\____workspace____\fault-tolerant\meshprint\Triangle.h(821): error C2065: “insEndPoint”: 未声明的标识符
e:\____workspace____\fault-tolerant\meshprint\Triangle.h(822): error C2065: “insRedunPoint”: 未声明的标识符
e:\____workspace____\fault-tolerant\meshprint\Triangle.h(823): error C2065: “INSPOINT_X”: 未声明的标识符
e:\____workspace____\fault-tolerant\meshprint\Triangle.h(824): error C2065: “INSPOINT_Y”: 未声明的标识符
e:\____workspace____\fault-tolerant\meshprint\Triangle.h(825): error C2065: “INSPOINT_Z”: 未声明的标识符
e:\____workspace____\fault-tolerant\meshprint\Triangle.h(838): error C2065: “insStartPoint”: 未声明的标识符
e:\____workspace____\fault-tolerant\meshprint\Triangle.h(839): error C2065: “insEndPoint”: 未声明的标识符
e:\____workspace____\fault-tolerant\meshprint\Triangle.h(840): error C2065: “insRedunPoint”: 未声明的标识符
e:\____workspace____\fault-tolerant\meshprint\Triangle.h(841): error C2065: “INSPOINT_X”: 未声明的标识符
e:\____workspace____\fault-tolerant\meshprint\Triangle.h(842): error C2065: “INSPOINT_Y”: 未声明的标识符
e:\____workspace____\fault-tolerant\meshprint\Triangle.h(843): error C2065: “INSPOINT_Z”: 未声明的标识符
e:\____workspace____\fault-tolerant\meshprint\Triangle.h(857): error C2065: “insStartPoint”: 未声明的标识符
e:\____workspace____\fault-tolerant\meshprint\Triangle.h(858): error C2065: “insEndPoint”: 未声明的标识符
e:\____workspace____\fault-tolerant\meshprint\Triangle.h(859): error C2065: “insRedunPoint”: 未声明的标识符
e:\____workspace____\fault-tolerant\meshprint\Triangle.h(860): error C2065: “INSPOINT_X”: 未声明的标识符
e:\____workspace____\fault-tolerant\meshprint\Triangle.h(861): error C2065: “INSPOINT_Y”: 未声明的标识符
e:\____workspace____\fault-tolerant\meshprint\Triangle.h(862): error C2065: “INSPOINT_Z”: 未声明的标识符
  Mesh3D.cpp
  MsOctree.cpp
  globalFunctions.cpp
e:\____workspace____\fault-tolerant\meshprint\Triangle.h(665): error C2065: “overlap_num”: 未声明的标识符
e:\____workspace____\fault-tolerant\meshprint\Triangle.h(740): error C2065: “insStartPoint”: 未声明的标识符
e:\____workspace____\fault-tolerant\meshprint\Triangle.h(741): error C2065: “insEndPoint”: 未声明的标识符
e:\____workspace____\fault-tolerant\meshprint\Triangle.h(742): error C2065: “insRedunPoint”: 未声明的标识符
e:\____workspace____\fault-tolerant\meshprint\Triangle.h(744): error C2065: “INSPOINT_X”: 未声明的标识符
e:\____workspace____\fault-tolerant\meshprint\Triangle.h(745): error C2065: “INSPOINT_Y”: 未声明的标识符
e:\____workspace____\fault-tolerant\meshprint\Triangle.h(746): error C2065: “INSPOINT_Z”: 未声明的标识符
e:\____workspace____\fault-tolerant\meshprint\Triangle.h(760): error C2065: “insStartPoint”: 未声明的标识符
e:\____workspace____\fault-tolerant\meshprint\Triangle.h(761): error C2065: “insEndPoint”: 未声明的标识符
e:\____workspace____\fault-tolerant\meshprint\Triangle.h(762): error C2065: “insRedunPoint”: 未声明的标识符
e:\____workspace____\fault-tolerant\meshprint\Triangle.h(763): error C2065: “INSPOINT_X”: 未声明的标识符
e:\____workspace____\fault-tolerant\meshprint\Triangle.h(764): error C2065: “INSPOINT_Y”: 未声明的标识符
e:\____workspace____\fault-tolerant\meshprint\Triangle.h(765): error C2065: “INSPOINT_Z”: 未声明的标识符
e:\____workspace____\fault-tolerant\meshprint\Triangle.h(781): error C2065: “insStartPoint”: 未声明的标识符
e:\____workspace____\fault-tolerant\meshprint\Triangle.h(782): error C2065: “insEndPoint”: 未声明的标识符
e:\____workspace____\fault-tolerant\meshprint\Triangle.h(783): error C2065: “insRedunPoint”: 未声明的标识符
e:\____workspace____\fault-tolerant\meshprint\Triangle.h(784): error C2065: “INSPOINT_X”: 未声明的标识符
e:\____workspace____\fault-tolerant\meshprint\Triangle.h(785): error C2065: “INSPOINT_Y”: 未声明的标识符
e:\____workspace____\fault-tolerant\meshprint\Triangle.h(786): error C2065: “INSPOINT_Z”: 未声明的标识符
e:\____workspace____\fault-tolerant\meshprint\Triangle.h(801): error C2065: “insStartPoint”: 未声明的标识符
e:\____workspace____\fault-tolerant\meshprint\Triangle.h(802): error C2065: “insEndPoint”: 未声明的标识符
e:\____workspace____\fault-tolerant\meshprint\Triangle.h(803): error C2065: “insRedunPoint”: 未声明的标识符
e:\____workspace____\fault-tolerant\meshprint\Triangle.h(804): error C2065: “INSPOINT_X”: 未声明的标识符
e:\____workspace____\fault-tolerant\meshprint\Triangle.h(805): error C2065: “INSPOINT_Y”: 未声明的标识符
e:\____workspace____\fault-tolerant\meshprint\Triangle.h(806): error C2065: “INSPOINT_Z”: 未声明的标识符
e:\____workspace____\fault-tolerant\meshprint\Triangle.h(820): error C2065: “insStartPoint”: 未声明的标识符
e:\____workspace____\fault-tolerant\meshprint\Triangle.h(821): error C2065: “insEndPoint”: 未声明的标识符
e:\____workspace____\fault-tolerant\meshprint\Triangle.h(822): error C2065: “insRedunPoint”: 未声明的标识符
e:\____workspace____\fault-tolerant\meshprint\Triangle.h(823): error C2065: “INSPOINT_X”: 未声明的标识符
e:\____workspace____\fault-tolerant\meshprint\Triangle.h(824): error C2065: “INSPOINT_Y”: 未声明的标识符
e:\____workspace____\fault-tolerant\meshprint\Triangle.h(825): error C2065: “INSPOINT_Z”: 未声明的标识符
e:\____workspace____\fault-tolerant\meshprint\Triangle.h(838): error C2065: “insStartPoint”: 未声明的标识符
e:\____workspace____\fault-tolerant\meshprint\Triangle.h(839): error C2065: “insEndPoint”: 未声明的标识符
e:\____workspace____\fault-tolerant\meshprint\Triangle.h(840): error C2065: “insRedunPoint”: 未声明的标识符
e:\____workspace____\fault-tolerant\meshprint\Triangle.h(841): error C2065: “INSPOINT_X”: 未声明的标识符
e:\____workspace____\fault-tolerant\meshprint\Triangle.h(842): error C2065: “INSPOINT_Y”: 未声明的标识符
e:\____workspace____\fault-tolerant\meshprint\Triangle.h(843): error C2065: “INSPOINT_Z”: 未声明的标识符
e:\____workspace____\fault-tolerant\meshprint\Triangle.h(857): error C2065: “insStartPoint”: 未声明的标识符
e:\____workspace____\fault-tolerant\meshprint\Triangle.h(858): error C2065: “insEndPoint”: 未声明的标识符
e:\____workspace____\fault-tolerant\meshprint\Triangle.h(859): error C2065: “insRedunPoint”: 未声明的标识符
e:\____workspace____\fault-tolerant\meshprint\Triangle.h(860): error C2065: “INSPOINT_X”: 未声明的标识符
e:\____workspace____\fault-tolerant\meshprint\Triangle.h(861): error C2065: “INSPOINT_Y”: 未声明的标识符
e:\____workspace____\fault-tolerant\meshprint\Triangle.h(862): error C2065: “INSPOINT_Z”: 未声明的标识符
  main.cpp
e:\____workspace____\fault-tolerant\meshprint\Triangle.h(665): error C2065: “overlap_num”: 未声明的标识符
e:\____workspace____\fault-tolerant\meshprint\Triangle.h(740): error C2065: “insStartPoint”: 未声明的标识符
e:\____workspace____\fault-tolerant\meshprint\Triangle.h(741): error C2065: “insEndPoint”: 未声明的标识符
e:\____workspace____\fault-tolerant\meshprint\Triangle.h(742): error C2065: “insRedunPoint”: 未声明的标识符
e:\____workspace____\fault-tolerant\meshprint\Triangle.h(744): error C2065: “INSPOINT_X”: 未声明的标识符
e:\____workspace____\fault-tolerant\meshprint\Triangle.h(745): error C2065: “INSPOINT_Y”: 未声明的标识符
e:\____workspace____\fault-tolerant\meshprint\Triangle.h(746): error C2065: “INSPOINT_Z”: 未声明的标识符
e:\____workspace____\fault-tolerant\meshprint\Triangle.h(760): error C2065: “insStartPoint”: 未声明的标识符
e:\____workspace____\fault-tolerant\meshprint\Triangle.h(761): error C2065: “insEndPoint”: 未声明的标识符
e:\____workspace____\fault-tolerant\meshprint\Triangle.h(762): error C2065: “insRedunPoint”: 未声明的标识符
e:\____workspace____\fault-tolerant\meshprint\Triangle.h(763): error C2065: “INSPOINT_X”: 未声明的标识符
e:\____workspace____\fault-tolerant\meshprint\Triangle.h(764): error C2065: “INSPOINT_Y”: 未声明的标识符
e:\____workspace____\fault-tolerant\meshprint\Triangle.h(765): error C2065: “INSPOINT_Z”: 未声明的标识符
e:\____workspace____\fault-tolerant\meshprint\Triangle.h(781): error C2065: “insStartPoint”: 未声明的标识符
e:\____workspace____\fault-tolerant\meshprint\Triangle.h(782): error C2065: “insEndPoint”: 未声明的标识符
e:\____workspace____\fault-tolerant\meshprint\Triangle.h(783): error C2065: “insRedunPoint”: 未声明的标识符
e:\____workspace____\fault-tolerant\meshprint\Triangle.h(784): error C2065: “INSPOINT_X”: 未声明的标识符
e:\____workspace____\fault-tolerant\meshprint\Triangle.h(785): error C2065: “INSPOINT_Y”: 未声明的标识符
e:\____workspace____\fault-tolerant\meshprint\Triangle.h(786): error C2065: “INSPOINT_Z”: 未声明的标识符
e:\____workspace____\fault-tolerant\meshprint\Triangle.h(801): error C2065: “insStartPoint”: 未声明的标识符
e:\____workspace____\fault-tolerant\meshprint\Triangle.h(802): error C2065: “insEndPoint”: 未声明的标识符
e:\____workspace____\fault-tolerant\meshprint\Triangle.h(803): error C2065: “insRedunPoint”: 未声明的标识符
e:\____workspace____\fault-tolerant\meshprint\Triangle.h(804): error C2065: “INSPOINT_X”: 未声明的标识符
e:\____workspace____\fault-tolerant\meshprint\Triangle.h(805): error C2065: “INSPOINT_Y”: 未声明的标识符
e:\____workspace____\fault-tolerant\meshprint\Triangle.h(806): error C2065: “INSPOINT_Z”: 未声明的标识符
e:\____workspace____\fault-tolerant\meshprint\Triangle.h(820): error C2065: “insStartPoint”: 未声明的标识符
e:\____workspace____\fault-tolerant\meshprint\Triangle.h(821): error C2065: “insEndPoint”: 未声明的标识符
e:\____workspace____\fault-tolerant\meshprint\Triangle.h(822): error C2065: “insRedunPoint”: 未声明的标识符
e:\____workspace____\fault-tolerant\meshprint\Triangle.h(823): error C2065: “INSPOINT_X”: 未声明的标识符
e:\____workspace____\fault-tolerant\meshprint\Triangle.h(824): error C2065: “INSPOINT_Y”: 未声明的标识符
e:\____workspace____\fault-tolerant\meshprint\Triangle.h(825): error C2065: “INSPOINT_Z”: 未声明的标识符
e:\____workspace____\fault-tolerant\meshprint\Triangle.h(838): error C2065: “insStartPoint”: 未声明的标识符
e:\____workspace____\fault-tolerant\meshprint\Triangle.h(839): error C2065: “insEndPoint”: 未声明的标识符
e:\____workspace____\fault-tolerant\meshprint\Triangle.h(840): error C2065: “insRedunPoint”: 未声明的标识符
e:\____workspace____\fault-tolerant\meshprint\Triangle.h(841): error C2065: “INSPOINT_X”: 未声明的标识符
e:\____workspace____\fault-tolerant\meshprint\Triangle.h(842): error C2065: “INSPOINT_Y”: 未声明的标识符
e:\____workspace____\fault-tolerant\meshprint\Triangle.h(843): error C2065: “INSPOINT_Z”: 未声明的标识符
e:\____workspace____\fault-tolerant\meshprint\Triangle.h(857): error C2065: “insStartPoint”: 未声明的标识符
e:\____workspace____\fault-tolerant\meshprint\Triangle.h(858): error C2065: “insEndPoint”: 未声明的标识符
e:\____workspace____\fault-tolerant\meshprint\Triangle.h(859): error C2065: “insRedunPoint”: 未声明的标识符
e:\____workspace____\fault-tolerant\meshprint\Triangle.h(860): error C2065: “INSPOINT_X”: 未声明的标识符
e:\____workspace____\fault-tolerant\meshprint\Triangle.h(861): error C2065: “INSPOINT_Y”: 未声明的标识符
e:\____workspace____\fault-tolerant\meshprint\Triangle.h(862): error C2065: “INSPOINT_Z”: 未声明的标识符
  maintenance.cpp
e:\____workspace____\fault-tolerant\meshprint\Triangle.h(665): error C2065: “overlap_num”: 未声明的标识符
e:\____workspace____\fault-tolerant\meshprint\Triangle.h(740): error C2065: “insStartPoint”: 未声明的标识符
e:\____workspace____\fault-tolerant\meshprint\Triangle.h(741): error C2065: “insEndPoint”: 未声明的标识符
e:\____workspace____\fault-tolerant\meshprint\Triangle.h(742): error C2065: “insRedunPoint”: 未声明的标识符
e:\____workspace____\fault-tolerant\meshprint\Triangle.h(744): error C2065: “INSPOINT_X”: 未声明的标识符
e:\____workspace____\fault-tolerant\meshprint\Triangle.h(745): error C2065: “INSPOINT_Y”: 未声明的标识符
e:\____workspace____\fault-tolerant\meshprint\Triangle.h(746): error C2065: “INSPOINT_Z”: 未声明的标识符
e:\____workspace____\fault-tolerant\meshprint\Triangle.h(760): error C2065: “insStartPoint”: 未声明的标识符
e:\____workspace____\fault-tolerant\meshprint\Triangle.h(761): error C2065: “insEndPoint”: 未声明的标识符
e:\____workspace____\fault-tolerant\meshprint\Triangle.h(762): error C2065: “insRedunPoint”: 未声明的标识符
e:\____workspace____\fault-tolerant\meshprint\Triangle.h(763): error C2065: “INSPOINT_X”: 未声明的标识符
e:\____workspace____\fault-tolerant\meshprint\Triangle.h(764): error C2065: “INSPOINT_Y”: 未声明的标识符
e:\____workspace____\fault-tolerant\meshprint\Triangle.h(765): error C2065: “INSPOINT_Z”: 未声明的标识符
e:\____workspace____\fault-tolerant\meshprint\Triangle.h(781): error C2065: “insStartPoint”: 未声明的标识符
e:\____workspace____\fault-tolerant\meshprint\Triangle.h(782): error C2065: “insEndPoint”: 未声明的标识符
e:\____workspace____\fault-tolerant\meshprint\Triangle.h(783): error C2065: “insRedunPoint”: 未声明的标识符
e:\____workspace____\fault-tolerant\meshprint\Triangle.h(784): error C2065: “INSPOINT_X”: 未声明的标识符
e:\____workspace____\fault-tolerant\meshprint\Triangle.h(785): error C2065: “INSPOINT_Y”: 未声明的标识符
e:\____workspace____\fault-tolerant\meshprint\Triangle.h(786): error C2065: “INSPOINT_Z”: 未声明的标识符
e:\____workspace____\fault-tolerant\meshprint\Triangle.h(801): error C2065: “insStartPoint”: 未声明的标识符
e:\____workspace____\fault-tolerant\meshprint\Triangle.h(802): error C2065: “insEndPoint”: 未声明的标识符
e:\____workspace____\fault-tolerant\meshprint\Triangle.h(803): error C2065: “insRedunPoint”: 未声明的标识符
e:\____workspace____\fault-tolerant\meshprint\Triangle.h(804): error C2065: “INSPOINT_X”: 未声明的标识符
e:\____workspace____\fault-tolerant\meshprint\Triangle.h(805): error C2065: “INSPOINT_Y”: 未声明的标识符
e:\____workspace____\fault-tolerant\meshprint\Triangle.h(806): error C2065: “INSPOINT_Z”: 未声明的标识符
e:\____workspace____\fault-tolerant\meshprint\Triangle.h(820): error C2065: “insStartPoint”: 未声明的标识符
e:\____workspace____\fault-tolerant\meshprint\Triangle.h(821): error C2065: “insEndPoint”: 未声明的标识符
e:\____workspace____\fault-tolerant\meshprint\Triangle.h(822): error C2065: “insRedunPoint”: 未声明的标识符
e:\____workspace____\fault-tolerant\meshprint\Triangle.h(823): error C2065: “INSPOINT_X”: 未声明的标识符
e:\____workspace____\fault-tolerant\meshprint\Triangle.h(824): error C2065: “INSPOINT_Y”: 未声明的标识符
e:\____workspace____\fault-tolerant\meshprint\Triangle.h(825): error C2065: “INSPOINT_Z”: 未声明的标识符
e:\____workspace____\fault-tolerant\meshprint\Triangle.h(838): error C2065: “insStartPoint”: 未声明的标识符
e:\____workspace____\fault-tolerant\meshprint\Triangle.h(839): error C2065: “insEndPoint”: 未声明的标识符
e:\____workspace____\fault-tolerant\meshprint\Triangle.h(840): error C2065: “insRedunPoint”: 未声明的标识符
e:\____workspace____\fault-tolerant\meshprint\Triangle.h(841): error C2065: “INSPOINT_X”: 未声明的标识符
e:\____workspace____\fault-tolerant\meshprint\Triangle.h(842): error C2065: “INSPOINT_Y”: 未声明的标识符
e:\____workspace____\fault-tolerant\meshprint\Triangle.h(843): error C2065: “INSPOINT_Z”: 未声明的标识符
e:\____workspace____\fault-tolerant\meshprint\Triangle.h(857): error C2065: “insStartPoint”: 未声明的标识符
e:\____workspace____\fault-tolerant\meshprint\Triangle.h(858): error C2065: “insEndPoint”: 未声明的标识符
e:\____workspace____\fault-tolerant\meshprint\Triangle.h(859): error C2065: “insRedunPoint”: 未声明的标识符
e:\____workspace____\fault-tolerant\meshprint\Triangle.h(860): error C2065: “INSPOINT_X”: 未声明的标识符
e:\____workspace____\fault-tolerant\meshprint\Triangle.h(861): error C2065: “INSPOINT_Y”: 未声明的标识符
e:\____workspace____\fault-tolerant\meshprint\Triangle.h(862): error C2065: “INSPOINT_Z”: 未声明的标识符
  meshprint.cpp
e:\____workspace____\fault-tolerant\meshprint\Triangle.h(665): error C2065: “overlap_num”: 未声明的标识符
e:\____workspace____\fault-tolerant\meshprint\Triangle.h(740): error C2065: “insStartPoint”: 未声明的标识符
e:\____workspace____\fault-tolerant\meshprint\Triangle.h(741): error C2065: “insEndPoint”: 未声明的标识符
e:\____workspace____\fault-tolerant\meshprint\Triangle.h(742): error C2065: “insRedunPoint”: 未声明的标识符
e:\____workspace____\fault-tolerant\meshprint\Triangle.h(744): error C2065: “INSPOINT_X”: 未声明的标识符
e:\____workspace____\fault-tolerant\meshprint\Triangle.h(745): error C2065: “INSPOINT_Y”: 未声明的标识符
e:\____workspace____\fault-tolerant\meshprint\Triangle.h(746): error C2065: “INSPOINT_Z”: 未声明的标识符
e:\____workspace____\fault-tolerant\meshprint\Triangle.h(760): error C2065: “insStartPoint”: 未声明的标识符
e:\____workspace____\fault-tolerant\meshprint\Triangle.h(761): error C2065: “insEndPoint”: 未声明的标识符
e:\____workspace____\fault-tolerant\meshprint\Triangle.h(762): error C2065: “insRedunPoint”: 未声明的标识符
e:\____workspace____\fault-tolerant\meshprint\Triangle.h(763): error C2065: “INSPOINT_X”: 未声明的标识符
e:\____workspace____\fault-tolerant\meshprint\Triangle.h(764): error C2065: “INSPOINT_Y”: 未声明的标识符
e:\____workspace____\fault-tolerant\meshprint\Triangle.h(765): error C2065: “INSPOINT_Z”: 未声明的标识符
e:\____workspace____\fault-tolerant\meshprint\Triangle.h(781): error C2065: “insStartPoint”: 未声明的标识符
e:\____workspace____\fault-tolerant\meshprint\Triangle.h(782): error C2065: “insEndPoint”: 未声明的标识符
e:\____workspace____\fault-tolerant\meshprint\Triangle.h(783): error C2065: “insRedunPoint”: 未声明的标识符
e:\____workspace____\fault-tolerant\meshprint\Triangle.h(784): error C2065: “INSPOINT_X”: 未声明的标识符
e:\____workspace____\fault-tolerant\meshprint\Triangle.h(785): error C2065: “INSPOINT_Y”: 未声明的标识符
e:\____workspace____\fault-tolerant\meshprint\Triangle.h(786): error C2065: “INSPOINT_Z”: 未声明的标识符
e:\____workspace____\fault-tolerant\meshprint\Triangle.h(801): error C2065: “insStartPoint”: 未声明的标识符
e:\____workspace____\fault-tolerant\meshprint\Triangle.h(802): error C2065: “insEndPoint”: 未声明的标识符
e:\____workspace____\fault-tolerant\meshprint\Triangle.h(803): error C2065: “insRedunPoint”: 未声明的标识符
e:\____workspace____\fault-tolerant\meshprint\Triangle.h(804): error C2065: “INSPOINT_X”: 未声明的标识符
e:\____workspace____\fault-tolerant\meshprint\Triangle.h(805): error C2065: “INSPOINT_Y”: 未声明的标识符
e:\____workspace____\fault-tolerant\meshprint\Triangle.h(806): error C2065: “INSPOINT_Z”: 未声明的标识符
e:\____workspace____\fault-tolerant\meshprint\Triangle.h(820): error C2065: “insStartPoint”: 未声明的标识符
e:\____workspace____\fault-tolerant\meshprint\Triangle.h(821): error C2065: “insEndPoint”: 未声明的标识符
e:\____workspace____\fault-tolerant\meshprint\Triangle.h(822): error C2065: “insRedunPoint”: 未声明的标识符
e:\____workspace____\fault-tolerant\meshprint\Triangle.h(823): error C2065: “INSPOINT_X”: 未声明的标识符
e:\____workspace____\fault-tolerant\meshprint\Triangle.h(824): error C2065: “INSPOINT_Y”: 未声明的标识符
e:\____workspace____\fault-tolerant\meshprint\Triangle.h(825): error C2065: “INSPOINT_Z”: 未声明的标识符
e:\____workspace____\fault-tolerant\meshprint\Triangle.h(838): error C2065: “insStartPoint”: 未声明的标识符
e:\____workspace____\fault-tolerant\meshprint\Triangle.h(839): error C2065: “insEndPoint”: 未声明的标识符
e:\____workspace____\fault-tolerant\meshprint\Triangle.h(840): error C2065: “insRedunPoint”: 未声明的标识符
e:\____workspace____\fault-tolerant\meshprint\Triangle.h(841): error C2065: “INSPOINT_X”: 未声明的标识符
e:\____workspace____\fault-tolerant\meshprint\Triangle.h(842): error C2065: “INSPOINT_Y”: 未声明的标识符
e:\____workspace____\fault-tolerant\meshprint\Triangle.h(843): error C2065: “INSPOINT_Z”: 未声明的标识符
e:\____workspace____\fault-tolerant\meshprint\Triangle.h(857): error C2065: “insStartPoint”: 未声明的标识符
e:\____workspace____\fault-tolerant\meshprint\Triangle.h(858): error C2065: “insEndPoint”: 未声明的标识符
e:\____workspace____\fault-tolerant\meshprint\Triangle.h(859): error C2065: “insRedunPoint”: 未声明的标识符
e:\____workspace____\fault-tolerant\meshprint\Triangle.h(860): error C2065: “INSPOINT_X”: 未声明的标识符
e:\____workspace____\fault-tolerant\meshprint\Triangle.h(861): error C2065: “INSPOINT_Y”: 未声明的标识符
e:\____workspace____\fault-tolerant\meshprint\Triangle.h(862): error C2065: “INSPOINT_Z”: 未声明的标识符
  renderingwidget.cpp
renderingwidget.cpp : warning C4819: 该文件包含不能在当前代码页(936)中表示的字符。请将该文件保存为 Unicode 格式以防止数据丢失
e:\____workspace____\fault-tolerant\meshprint\Triangle.h(665): error C2065: “overlap_num”: 未声明的标识符
e:\____workspace____\fault-tolerant\meshprint\Triangle.h(740): error C2065: “insStartPoint”: 未声明的标识符
e:\____workspace____\fault-tolerant\meshprint\Triangle.h(741): error C2065: “insEndPoint”: 未声明的标识符
e:\____workspace____\fault-tolerant\meshprint\Triangle.h(742): error C2065: “insRedunPoint”: 未声明的标识符
e:\____workspace____\fault-tolerant\meshprint\Triangle.h(744): error C2065: “INSPOINT_X”: 未声明的标识符
e:\____workspace____\fault-tolerant\meshprint\Triangle.h(745): error C2065: “INSPOINT_Y”: 未声明的标识符
e:\____workspace____\fault-tolerant\meshprint\Triangle.h(746): error C2065: “INSPOINT_Z”: 未声明的标识符
e:\____workspace____\fault-tolerant\meshprint\Triangle.h(760): error C2065: “insStartPoint”: 未声明的标识符
e:\____workspace____\fault-tolerant\meshprint\Triangle.h(761): error C2065: “insEndPoint”: 未声明的标识符
e:\____workspace____\fault-tolerant\meshprint\Triangle.h(762): error C2065: “insRedunPoint”: 未声明的标识符
e:\____workspace____\fault-tolerant\meshprint\Triangle.h(763): error C2065: “INSPOINT_X”: 未声明的标识符
e:\____workspace____\fault-tolerant\meshprint\Triangle.h(764): error C2065: “INSPOINT_Y”: 未声明的标识符
e:\____workspace____\fault-tolerant\meshprint\Triangle.h(765): error C2065: “INSPOINT_Z”: 未声明的标识符
e:\____workspace____\fault-tolerant\meshprint\Triangle.h(781): error C2065: “insStartPoint”: 未声明的标识符
e:\____workspace____\fault-tolerant\meshprint\Triangle.h(782): error C2065: “insEndPoint”: 未声明的标识符
e:\____workspace____\fault-tolerant\meshprint\Triangle.h(783): error C2065: “insRedunPoint”: 未声明的标识符
e:\____workspace____\fault-tolerant\meshprint\Triangle.h(784): error C2065: “INSPOINT_X”: 未声明的标识符
e:\____workspace____\fault-tolerant\meshprint\Triangle.h(785): error C2065: “INSPOINT_Y”: 未声明的标识符
e:\____workspace____\fault-tolerant\meshprint\Triangle.h(786): error C2065: “INSPOINT_Z”: 未声明的标识符
e:\____workspace____\fault-tolerant\meshprint\Triangle.h(801): error C2065: “insStartPoint”: 未声明的标识符
e:\____workspace____\fault-tolerant\meshprint\Triangle.h(802): error C2065: “insEndPoint”: 未声明的标识符
e:\____workspace____\fault-tolerant\meshprint\Triangle.h(803): error C2065: “insRedunPoint”: 未声明的标识符
e:\____workspace____\fault-tolerant\meshprint\Triangle.h(804): error C2065: “INSPOINT_X”: 未声明的标识符
e:\____workspace____\fault-tolerant\meshprint\Triangle.h(805): error C2065: “INSPOINT_Y”: 未声明的标识符
e:\____workspace____\fault-tolerant\meshprint\Triangle.h(806): error C2065: “INSPOINT_Z”: 未声明的标识符
e:\____workspace____\fault-tolerant\meshprint\Triangle.h(820): error C2065: “insStartPoint”: 未声明的标识符
e:\____workspace____\fault-tolerant\meshprint\Triangle.h(821): error C2065: “insEndPoint”: 未声明的标识符
e:\____workspace____\fault-tolerant\meshprint\Triangle.h(822): error C2065: “insRedunPoint”: 未声明的标识符
e:\____workspace____\fault-tolerant\meshprint\Triangle.h(823): error C2065: “INSPOINT_X”: 未声明的标识符
e:\____workspace____\fault-tolerant\meshprint\Triangle.h(824): error C2065: “INSPOINT_Y”: 未声明的标识符
e:\____workspace____\fault-tolerant\meshprint\Triangle.h(825): error C2065: “INSPOINT_Z”: 未声明的标识符
e:\____workspace____\fault-tolerant\meshprint\Triangle.h(838): error C2065: “insStartPoint”: 未声明的标识符
e:\____workspace____\fault-tolerant\meshprint\Triangle.h(839): error C2065: “insEndPoint”: 未声明的标识符
e:\____workspace____\fault-tolerant\meshprint\Triangle.h(840): error C2065: “insRedunPoint”: 未声明的标识符
e:\____workspace____\fault-tolerant\meshprint\Triangle.h(841): error C2065: “INSPOINT_X”: 未声明的标识符
e:\____workspace____\fault-tolerant\meshprint\Triangle.h(842): error C2065: “INSPOINT_Y”: 未声明的标识符
e:\____workspace____\fault-tolerant\meshprint\Triangle.h(843): error C2065: “INSPOINT_Z”: 未声明的标识符
e:\____workspace____\fault-tolerant\meshprint\Triangle.h(857): error C2065: “insStartPoint”: 未声明的标识符
e:\____workspace____\fault-tolerant\meshprint\Triangle.h(858): error C2065: “insEndPoint”: 未声明的标识符
e:\____workspace____\fault-tolerant\meshprint\Triangle.h(859): error C2065: “insRedunPoint”: 未声明的标识符
e:\____workspace____\fault-tolerant\meshprint\Triangle.h(860): error C2065: “INSPOINT_X”: 未声明的标识符
e:\____workspace____\fault-tolerant\meshprint\Triangle.h(861): error C2065: “INSPOINT_Y”: 未声明的标识符
e:\____workspace____\fault-tolerant\meshprint\Triangle.h(862): error C2065: “INSPOINT_Z”: 未声明的标识符
  正在生成代码...
e:\____workspace____\fault-tolerant\meshprint\triangle.h(86): warning C4715: “Triangle::mappingValue”: 不是所有的控件路径都返回值
